<?xml version="1.0" encoding="UTF-8"?>
<!-- Generated by org.testng.reporters.JUnitReportReporter -->
<testsuite hostname="DESKTOP-137NM9T" failures="0" tests="1" name="com.qa.Testcase.AddToCartTest" time="8.402" errors="0" timestamp="2024-01-12T15:53:38 EST" skipped="0">
  <testcase classname="com.qa.Testcase.AddToCartTest" name="AddToCart" time="8.402"/>
</testsuite> <!-- com.qa.Testcase.AddToCartTest -->
